<?xml version="1.0" encoding="UTF-8"?>
<testng-results skipped="0" failed="0" total="6" passed="6">
  <reporter-output>
  </reporter-output>
  <suite name="mysuite" duration-ms="44499" started-at="2019-06-13T04:22:47Z" finished-at="2019-06-13T04:23:31Z">
    <groups>
    </groups>
    <test name="myTest" duration-ms="44499" started-at="2019-06-13T04:22:47Z" finished-at="2019-06-13T04:23:31Z">
      <class name="myPack.Bindu">
        <test-method status="PASS" signature="addEmp()[pri:0, instance:myPack.Bindu@1ba5a14]" name="addEmp" duration-ms="31838" started-at="2019-06-13T09:52:47Z" finished-at="2019-06-13T09:53:19Z">
          <reporter-output>
          </reporter-output>
        </test-method> <!-- addEmp -->
        <test-method status="PASS" signature="addLocation()[pri:0, instance:myPack.Bindu@1ba5a14]" name="addLocation" duration-ms="1" started-at="2019-06-13T09:53:19Z" finished-at="2019-06-13T09:53:19Z">
          <reporter-output>
          </reporter-output>
        </test-method> <!-- addLocation -->
        <test-method status="PASS" signature="deleteEmp()[pri:0, instance:myPack.Bindu@1ba5a14]" name="deleteEmp" duration-ms="0" started-at="2019-06-13T09:53:19Z" finished-at="2019-06-13T09:53:19Z">
          <reporter-output>
          </reporter-output>
        </test-method> <!-- deleteEmp -->
        <test-method status="PASS" signature="editEmp()[pri:0, instance:myPack.Bindu@1ba5a14]" name="editEmp" duration-ms="0" started-at="2019-06-13T09:53:19Z" finished-at="2019-06-13T09:53:19Z">
          <reporter-output>
          </reporter-output>
        </test-method> <!-- editEmp -->
        <test-method status="PASS" signature="editLocation()[pri:0, instance:myPack.Bindu@1ba5a14]" name="editLocation" duration-ms="1" started-at="2019-06-13T09:53:19Z" finished-at="2019-06-13T09:53:19Z">
          <reporter-output>
          </reporter-output>
        </test-method> <!-- editLocation -->
        <test-method status="PASS" signature="verifyLogin()[pri:0, instance:myPack.Bindu@1ba5a14]" name="verifyLogin" duration-ms="12641" started-at="2019-06-13T09:53:19Z" finished-at="2019-06-13T09:53:31Z">
          <reporter-output>
          </reporter-output>
        </test-method> <!-- verifyLogin -->
      </class> <!-- myPack.Bindu -->
    </test> <!-- myTest -->
  </suite> <!-- mysuite -->
</testng-results>
