<?xml version="1.0" encoding="UTF-8"?>
<!-- Generated by org.testng.reporters.JUnitXMLReporter -->
<testsuite hostname="classroom-PC" name="myTest" tests="6" failures="0" timestamp="13 Jun 2019 04:23:31 GMT" time="44.499" errors="0">
  <testcase name="addEmp" time="31.838" classname="myPack.Bindu"/>
  <testcase name="addLocation" time="0.001" classname="myPack.Bindu"/>
  <testcase name="deleteEmp" time="0.0" classname="myPack.Bindu"/>
  <testcase name="editEmp" time="0.0" classname="myPack.Bindu"/>
  <testcase name="editLocation" time="0.001" classname="myPack.Bindu"/>
  <testcase name="verifyLogin" time="12.641" classname="myPack.Bindu"/>
</testsuite> <!-- myTest -->
